一月 08, 2017 3:50:16 下午 org.apache.catalina.core.AprLifecycleListener init
信息: The APR based Apache Tomcat Native library which allows optimal performance in production environments was not found on the java.library.path: /Users/weiwei/Library/Java/Extensions:/Library/Java/Extensions:/Network/Library/Java/Extensions:/System/Library/Java/Extensions:/usr/lib/java:.
一月 08, 2017 3:50:17 下午 org.apache.coyote.AbstractProtocol init
信息: Initializing ProtocolHandler ["http-bio-8080"]
一月 08, 2017 3:50:17 下午 org.apache.coyote.AbstractProtocol init
信息: Initializing ProtocolHandler ["ajp-bio-8009"]
一月 08, 2017 3:50:17 下午 org.apache.catalina.startup.Catalina load
信息: Initialization processed in 1313 ms
一月 08, 2017 3:50:17 下午 org.apache.catalina.core.StandardService startInternal
信息: Starting service Catalina
一月 08, 2017 3:50:17 下午 org.apache.catalina.core.StandardEngine startInternal
信息: Starting Servlet Engine: Apache Tomcat/@VERSION@
一月 08, 2017 3:50:17 下午 org.apache.catalina.startup.HostConfig deployDirectory
信息: Deploying web application directory /Users/weiwei/work/open_source_projects/Application-server/Tomcat/catalina-home/webapps/docs
一月 08, 2017 3:50:19 下午 org.apache.catalina.startup.HostConfig deployDirectory
信息: Deploying web application directory /Users/weiwei/work/open_source_projects/Application-server/Tomcat/catalina-home/webapps/examples
一月 08, 2017 3:50:19 下午 org.apache.catalina.startup.HostConfig deployDirectory
信息: Deploying web application directory /Users/weiwei/work/open_source_projects/Application-server/Tomcat/catalina-home/webapps/host-manager
一月 08, 2017 3:50:19 下午 org.apache.catalina.startup.HostConfig deployDirectory
信息: Deploying web application directory /Users/weiwei/work/open_source_projects/Application-server/Tomcat/catalina-home/webapps/manager
一月 08, 2017 3:50:19 下午 org.apache.catalina.startup.HostConfig deployDirectory
信息: Deploying web application directory /Users/weiwei/work/open_source_projects/Application-server/Tomcat/catalina-home/webapps/ROOT
一月 08, 2017 3:50:19 下午 org.apache.coyote.AbstractProtocol start
信息: Starting ProtocolHandler ["http-bio-8080"]
一月 08, 2017 3:50:19 下午 org.apache.coyote.AbstractProtocol start
信息: Starting ProtocolHandler ["ajp-bio-8009"]
一月 08, 2017 3:50:19 下午 org.apache.catalina.startup.Catalina start
信息: Server startup in 2159 ms
一月 08, 2017 4:03:03 下午 org.apache.coyote.AbstractProtocol pause
信息: Pausing ProtocolHandler ["http-bio-8080"]
一月 08, 2017 4:03:03 下午 org.apache.coyote.AbstractProtocol pause
信息: Pausing ProtocolHandler ["ajp-bio-8009"]
一月 08, 2017 4:03:03 下午 org.apache.catalina.core.StandardService stopInternal
信息: Stopping service Catalina
一月 08, 2017 4:03:03 下午 org.apache.coyote.AbstractProtocol stop
信息: Stopping ProtocolHandler ["http-bio-8080"]
一月 08, 2017 4:03:03 下午 org.apache.coyote.AbstractProtocol stop
信息: Stopping ProtocolHandler ["ajp-bio-8009"]
一月 08, 2017 4:03:03 下午 org.apache.coyote.AbstractProtocol destroy
信息: Destroying ProtocolHandler ["http-bio-8080"]
一月 08, 2017 4:03:03 下午 org.apache.coyote.AbstractProtocol destroy
信息: Destroying ProtocolHandler ["ajp-bio-8009"]
