一月 05, 2017 1:25:53 上午 org.apache.catalina.core.ApplicationContext log
信息: ContextListener: contextInitialized()
一月 05, 2017 1:25:53 上午 org.apache.catalina.core.ApplicationContext log
信息: SessionListener: contextInitialized()
一月 05, 2017 1:25:53 上午 org.apache.catalina.core.ApplicationContext log
信息: ContextListener: attributeAdded('org.apache.jasper.compiler.TldLocationsCache', 'org.apache.jasper.compiler.TldLocationsCache@7c52859c')
一月 05, 2017 1:26:33 上午 org.apache.catalina.core.ApplicationContext log
信息: SessionListener: contextDestroyed()
一月 05, 2017 1:26:33 上午 org.apache.catalina.core.ApplicationContext log
信息: ContextListener: contextDestroyed()
一月 05, 2017 1:26:41 上午 org.apache.catalina.core.ApplicationContext log
信息: ContextListener: contextInitialized()
一月 05, 2017 1:26:41 上午 org.apache.catalina.core.ApplicationContext log
信息: SessionListener: contextInitialized()
一月 05, 2017 1:26:41 上午 org.apache.catalina.core.ApplicationContext log
信息: ContextListener: attributeAdded('org.apache.jasper.compiler.TldLocationsCache', 'org.apache.jasper.compiler.TldLocationsCache@2bf75a70')
一月 05, 2017 1:26:54 上午 org.apache.catalina.core.ApplicationContext log
信息: SessionListener: contextDestroyed()
一月 05, 2017 1:26:54 上午 org.apache.catalina.core.ApplicationContext log
信息: ContextListener: contextDestroyed()
